{"C:\\CSE-186\\Assignment8\\frontend\\src\\App.jsx": {"path":"C:\\CSE-186\\Assignment8\\frontend\\src\\App.jsx","statementMap":{"0":{"start":{"line":26,"column":13},"end":{"line":26,"column":null}},"1":{"start":{"line":27,"column":20},"end":{"line":27,"column":null}},"2":{"start":{"line":38,"column":34},"end":{"line":38,"column":null}},"3":{"start":{"line":39,"column":34},"end":{"line":39,"column":null}},"4":{"start":{"line":40,"column":24},"end":{"line":40,"column":null}},"5":{"start":{"line":44,"column":8},"end":{"line":44,"column":null}},"6":{"start":{"line":45,"column":8},"end":{"line":46,"column":null}},"7":{"start":{"line":49,"column":2},"end":{"line":68,"column":null}},"8":{"start":{"line":50,"column":4},"end":{"line":50,"column":null}},"9":{"start":{"line":50,"column":16},"end":{"line":50,"column":null}},"10":{"start":{"line":52,"column":4},"end":{"line":67,"column":null}},"11":{"start":{"line":60,"column":10},"end":{"line":63,"column":null}},"12":{"start":{"line":62,"column":12},"end":{"line":62,"column":null}},"13":{"start":{"line":64,"column":10},"end":{"line":64,"column":null}},"14":{"start":{"line":67,"column":24},"end":{"line":67,"column":43}},"15":{"start":{"line":70,"column":2},"end":{"line":97,"column":null}}},"fnMap":{"0":{"name":"App","decl":{"start":{"line":37,"column":9},"end":{"line":37,"column":15}},"loc":{"start":{"line":37,"column":15},"end":{"line":99,"column":null}},"line":37},"1":{"name":"(anonymous_1)","decl":{"start":{"line":49,"column":12},"end":{"line":49,"column":18}},"loc":{"start":{"line":49,"column":18},"end":{"line":68,"column":5}},"line":49},"2":{"name":"(anonymous_2)","decl":{"start":{"line":59,"column":14},"end":{"line":59,"column":15}},"loc":{"start":{"line":59,"column":23},"end":{"line":65,"column":9}},"line":59},"3":{"name":"(anonymous_3)","decl":{"start":{"line":67,"column":14},"end":{"line":67,"column":15}},"loc":{"start":{"line":67,"column":24},"end":{"line":67,"column":43}},"line":67}},"branchMap":{"0":{"loc":{"start":{"line":50,"column":4},"end":{"line":50,"column":null}},"type":"if","locations":[{"start":{"line":50,"column":4},"end":{"line":50,"column":null}},{"start":{},"end":{}}],"line":50},"1":{"loc":{"start":{"line":60,"column":10},"end":{"line":63,"column":null}},"type":"if","locations":[{"start":{"line":60,"column":10},"end":{"line":63,"column":null}},{"start":{},"end":{}}],"line":60}},"s":{"0":8,"1":8,"2":6,"3":6,"4":6,"5":6,"6":6,"7":6,"8":4,"9":2,"10":2,"11":2,"12":1,"13":1,"14":2,"15":6},"f":{"0":6,"1":4,"2":2,"3":2},"b":{"0":[2,2],"1":[1,1]},"meta":{"lastBranch":2,"lastFunction":4,"lastStatement":16,"seen":{"s:26:13:26:Infinity":0,"s:27:20:27:Infinity":1,"f:37:9:37:15":0,"s:38:34:38:Infinity":2,"s:39:34:39:Infinity":3,"s:40:24:40:Infinity":4,"s:44:8:44:Infinity":5,"s:45:8:46:Infinity":6,"s:49:2:68:Infinity":7,"f:49:12:49:18":1,"b:50:4:50:Infinity:undefined:undefined:undefined:undefined":0,"s:50:4:50:Infinity":8,"s:50:16:50:Infinity":9,"s:52:4:67:Infinity":10,"f:59:14:59:15":2,"b:60:10:63:Infinity:undefined:undefined:undefined:undefined":1,"s:60:10:63:Infinity":11,"s:62:12:62:Infinity":12,"s:64:10:64:Infinity":13,"f:67:14:67:15":3,"s:67:24:67:43":14,"s:70:2:97:Infinity":15}}}
,"C:\\CSE-186\\Assignment8\\frontend\\src\\__tests__\\testHelpers.js": {"path":"C:\\CSE-186\\Assignment8\\frontend\\src\\__tests__\\testHelpers.js","statementMap":{"0":{"start":{"line":10,"column":0},"end":{"line":16,"column":null}},"1":{"start":{"line":11,"column":17},"end":{"line":11,"column":58}},"2":{"start":{"line":12,"column":2},"end":{"line":15,"column":null}},"3":{"start":{"line":14,"column":23},"end":{"line":14,"column":35}},"4":{"start":{"line":8,"column":28},"end":{"line":8,"column":35}},"5":{"start":{"line":18,"column":27},"end":{"line":29,"column":1}}},"fnMap":{"0":{"name":"(anonymous_0)","decl":{"start":{"line":10,"column":28},"end":{"line":10,"column":33}},"loc":{"start":{"line":10,"column":40},"end":{"line":16,"column":1}},"line":10},"1":{"name":"(anonymous_1)","decl":{"start":{"line":14,"column":17},"end":{"line":14,"column":18}},"loc":{"start":{"line":14,"column":23},"end":{"line":14,"column":35}},"line":14}},"branchMap":{},"s":{"0":7,"1":7,"2":7,"3":156,"4":7,"5":7},"f":{"0":7,"1":156},"b":{},"meta":{"lastBranch":0,"lastFunction":2,"lastStatement":6,"seen":{"s:10:0:16:Infinity":0,"f:10:28:10:33":0,"s:11:17:11:58":1,"s:12:2:15:Infinity":2,"f:14:17:14:18":1,"s:14:23:14:35":3,"s:8:28:8:35":4,"s:18:27:29:1":5}}}
,"C:\\CSE-186\\Assignment8\\frontend\\src\\view\\Create.jsx": {"path":"C:\\CSE-186\\Assignment8\\frontend\\src\\view\\Create.jsx","statementMap":{"0":{"start":{"line":31,"column":29},"end":{"line":31,"column":null}},"1":{"start":{"line":34,"column":28},"end":{"line":34,"column":null}},"2":{"start":{"line":35,"column":28},"end":{"line":35,"column":null}},"3":{"start":{"line":36,"column":40},"end":{"line":36,"column":null}},"4":{"start":{"line":38,"column":8},"end":{"line":38,"column":null}},"5":{"start":{"line":39,"column":16},"end":{"line":39,"column":null}},"6":{"start":{"line":41,"column":17},"end":{"line":46,"column":null}},"7":{"start":{"line":42,"column":4},"end":{"line":45,"column":null}},"8":{"start":{"line":44,"column":6},"end":{"line":44,"column":null}},"9":{"start":{"line":49,"column":23},"end":{"line":51,"column":null}},"10":{"start":{"line":50,"column":4},"end":{"line":50,"column":null}},"11":{"start":{"line":53,"column":17},"end":{"line":76,"column":null}},"12":{"start":{"line":55,"column":23},"end":{"line":55,"column":null}},"13":{"start":{"line":57,"column":20},"end":{"line":61,"column":null}},"14":{"start":{"line":63,"column":21},"end":{"line":70,"column":null}},"15":{"start":{"line":71,"column":4},"end":{"line":71,"column":null}},"16":{"start":{"line":75,"column":4},"end":{"line":75,"column":null}},"17":{"start":{"line":78,"column":2},"end":{"line":151,"column":null}},"18":{"start":{"line":100,"column":31},"end":{"line":100,"column":null}},"19":{"start":{"line":118,"column":14},"end":{"line":124,"column":null}},"20":{"start":{"line":157,"column":0},"end":{"line":159,"column":null}}},"fnMap":{"0":{"name":"Create","decl":{"start":{"line":30,"column":9},"end":{"line":30,"column":16}},"loc":{"start":{"line":30,"column":31},"end":{"line":153,"column":null}},"line":30},"1":{"name":"(anonymous_1)","decl":{"start":{"line":41,"column":17},"end":{"line":41,"column":23}},"loc":{"start":{"line":41,"column":23},"end":{"line":46,"column":null}},"line":41},"2":{"name":"(anonymous_2)","decl":{"start":{"line":42,"column":14},"end":{"line":42,"column":15}},"loc":{"start":{"line":42,"column":24},"end":{"line":45,"column":5}},"line":42},"3":{"name":"(anonymous_3)","decl":{"start":{"line":49,"column":23},"end":{"line":49,"column":24}},"loc":{"start":{"line":49,"column":34},"end":{"line":51,"column":null}},"line":49},"4":{"name":"(anonymous_4)","decl":{"start":{"line":53,"column":17},"end":{"line":53,"column":29}},"loc":{"start":{"line":53,"column":29},"end":{"line":76,"column":null}},"line":53},"5":{"name":"(anonymous_5)","decl":{"start":{"line":100,"column":20},"end":{"line":100,"column":21}},"loc":{"start":{"line":100,"column":31},"end":{"line":100,"column":null}},"line":100},"6":{"name":"(anonymous_6)","decl":{"start":{"line":117,"column":28},"end":{"line":117,"column":29}},"loc":{"start":{"line":118,"column":14},"end":{"line":124,"column":null}},"line":118}},"branchMap":{"0":{"loc":{"start":{"line":55,"column":23},"end":{"line":55,"column":null}},"type":"cond-expr","locations":[{"start":{"line":55,"column":50},"end":{"line":55,"column":57}},{"start":{"line":55,"column":57},"end":{"line":55,"column":null}}],"line":55},"1":{"loc":{"start":{"line":84,"column":15},"end":{"line":84,"column":null}},"type":"cond-expr","locations":[{"start":{"line":84,"column":26},"end":{"line":84,"column":35}},{"start":{"line":84,"column":35},"end":{"line":84,"column":null}}],"line":84},"2":{"loc":{"start":{"line":85,"column":12},"end":{"line":85,"column":null}},"type":"cond-expr","locations":[{"start":{"line":85,"column":23},"end":{"line":85,"column":27}},{"start":{"line":85,"column":27},"end":{"line":85,"column":null}}],"line":85}},"s":{"0":46,"1":46,"2":46,"3":46,"4":46,"5":46,"6":46,"7":1,"8":1,"9":46,"10":2,"11":46,"12":2,"13":2,"14":2,"15":2,"16":2,"17":46,"18":33,"19":92,"20":8},"f":{"0":46,"1":1,"2":1,"3":2,"4":2,"5":33,"6":92},"b":{"0":[1,1],"1":[2,44],"2":[2,44]},"meta":{"lastBranch":3,"lastFunction":7,"lastStatement":21,"seen":{"f:30:9:30:16":0,"s:31:29:31:Infinity":0,"s:34:28:34:Infinity":1,"s:35:28:35:Infinity":2,"s:36:40:36:Infinity":3,"s:38:8:38:Infinity":4,"s:39:16:39:Infinity":5,"s:41:17:46:Infinity":6,"f:41:17:41:23":1,"s:42:4:45:Infinity":7,"f:42:14:42:15":2,"s:44:6:44:Infinity":8,"s:49:23:51:Infinity":9,"f:49:23:49:24":3,"s:50:4:50:Infinity":10,"s:53:17:76:Infinity":11,"f:53:17:53:29":4,"s:55:23:55:Infinity":12,"b:55:50:55:57:55:57:55:Infinity":0,"s:57:20:61:Infinity":13,"s:63:21:70:Infinity":14,"s:71:4:71:Infinity":15,"s:75:4:75:Infinity":16,"s:78:2:151:Infinity":17,"b:84:26:84:35:84:35:84:Infinity":1,"b:85:23:85:27:85:27:85:Infinity":2,"f:100:20:100:21":5,"s:100:31:100:Infinity":18,"f:117:28:117:29":6,"s:118:14:124:Infinity":19,"s:157:0:159:Infinity":20}}}
,"C:\\CSE-186\\Assignment8\\frontend\\src\\view\\Drawer.jsx": {"path":"C:\\CSE-186\\Assignment8\\frontend\\src\\view\\Drawer.jsx","statementMap":{"0":{"start":{"line":35,"column":2},"end":{"line":35,"column":null}},"1":{"start":{"line":36,"column":8},"end":{"line":36,"column":null}},"2":{"start":{"line":37,"column":16},"end":{"line":37,"column":null}},"3":{"start":{"line":38,"column":8},"end":{"line":38,"column":null}},"4":{"start":{"line":40,"column":17},"end":{"line":40,"column":null}},"5":{"start":{"line":42,"column":2},"end":{"line":42,"column":null}},"6":{"start":{"line":42,"column":15},"end":{"line":42,"column":null}},"7":{"start":{"line":45,"column":4},"end":{"line":100,"column":null}},"8":{"start":{"line":55,"column":14},"end":{"line":55,"column":null}},"9":{"start":{"line":56,"column":14},"end":{"line":56,"column":null}},"10":{"start":{"line":75,"column":10},"end":{"line":97,"column":null}},"11":{"start":{"line":80,"column":16},"end":{"line":80,"column":null}},"12":{"start":{"line":81,"column":16},"end":{"line":81,"column":null}},"13":{"start":{"line":104,"column":4},"end":{"line":122,"column":null}},"14":{"start":{"line":109,"column":10},"end":{"line":109,"column":null}},"15":{"start":{"line":110,"column":10},"end":{"line":110,"column":null}},"16":{"start":{"line":125,"column":2},"end":{"line":141,"column":null}},"17":{"start":{"line":129,"column":21},"end":{"line":129,"column":null}},"18":{"start":{"line":147,"column":0},"end":{"line":149,"column":null}}},"fnMap":{"0":{"name":"SideBar","decl":{"start":{"line":29,"column":9},"end":{"line":29,"column":17}},"loc":{"start":{"line":29,"column":32},"end":{"line":143,"column":null}},"line":29},"1":{"name":"(anonymous_1)","decl":{"start":{"line":42,"column":2},"end":{"line":42,"column":3}},"loc":{"start":{"line":42,"column":15},"end":{"line":42,"column":null}},"line":42},"2":{"name":"(anonymous_2)","decl":{"start":{"line":54,"column":21},"end":{"line":54,"column":27}},"loc":{"start":{"line":54,"column":27},"end":{"line":57,"column":null}},"line":54},"3":{"name":"(anonymous_3)","decl":{"start":{"line":74,"column":24},"end":{"line":74,"column":25}},"loc":{"start":{"line":75,"column":10},"end":{"line":97,"column":null}},"line":75},"4":{"name":"(anonymous_4)","decl":{"start":{"line":79,"column":23},"end":{"line":79,"column":29}},"loc":{"start":{"line":79,"column":29},"end":{"line":82,"column":null}},"line":79},"5":{"name":"(anonymous_5)","decl":{"start":{"line":108,"column":17},"end":{"line":108,"column":23}},"loc":{"start":{"line":108,"column":23},"end":{"line":111,"column":null}},"line":108},"6":{"name":"(anonymous_6)","decl":{"start":{"line":129,"column":15},"end":{"line":129,"column":21}},"loc":{"start":{"line":129,"column":21},"end":{"line":129,"column":null}},"line":129}},"branchMap":{"0":{"loc":{"start":{"line":59,"column":13},"end":{"line":61,"column":null}},"type":"cond-expr","locations":[{"start":{"line":60,"column":12},"end":{"line":60,"column":null}},{"start":{"line":61,"column":12},"end":{"line":61,"column":null}}],"line":59},"1":{"loc":{"start":{"line":85,"column":15},"end":{"line":87,"column":null}},"type":"cond-expr","locations":[{"start":{"line":86,"column":14},"end":{"line":86,"column":null}},{"start":{"line":87,"column":14},"end":{"line":87,"column":null}}],"line":85},"2":{"loc":{"start":{"line":127,"column":15},"end":{"line":127,"column":null}},"type":"cond-expr","locations":[{"start":{"line":127,"column":26},"end":{"line":127,"column":40}},{"start":{"line":127,"column":40},"end":{"line":127,"column":null}}],"line":127}},"s":{"0":26,"1":26,"2":26,"3":26,"4":26,"5":26,"6":52,"7":26,"8":1,"9":1,"10":52,"11":1,"12":1,"13":26,"14":1,"15":1,"16":26,"17":1,"18":8},"f":{"0":26,"1":52,"2":1,"3":52,"4":1,"5":1,"6":1},"b":{"0":[1,25],"1":[1,51],"2":[21,5]},"meta":{"lastBranch":3,"lastFunction":7,"lastStatement":19,"seen":{"f:29:9:29:17":0,"s:35:2:35:Infinity":0,"s:36:8:36:Infinity":1,"s:37:16:37:Infinity":2,"s:38:8:38:Infinity":3,"s:40:17:40:Infinity":4,"s:42:2:42:Infinity":5,"f:42:2:42:3":1,"s:42:15:42:Infinity":6,"s:45:4:100:Infinity":7,"f:54:21:54:27":2,"s:55:14:55:Infinity":8,"s:56:14:56:Infinity":9,"b:60:12:60:Infinity:61:12:61:Infinity":0,"f:74:24:74:25":3,"s:75:10:97:Infinity":10,"f:79:23:79:29":4,"s:80:16:80:Infinity":11,"s:81:16:81:Infinity":12,"b:86:14:86:Infinity:87:14:87:Infinity":1,"s:104:4:122:Infinity":13,"f:108:17:108:23":5,"s:109:10:109:Infinity":14,"s:110:10:110:Infinity":15,"s:125:2:141:Infinity":16,"b:127:26:127:40:127:40:127:Infinity":2,"f:129:15:129:21":6,"s:129:21:129:Infinity":17,"s:147:0:149:Infinity":18}}}
,"C:\\CSE-186\\Assignment8\\frontend\\src\\view\\Header.jsx": {"path":"C:\\CSE-186\\Assignment8\\frontend\\src\\view\\Header.jsx","statementMap":{"0":{"start":{"line":21,"column":44},"end":{"line":21,"column":null}},"1":{"start":{"line":22,"column":8},"end":{"line":22,"column":null}},"2":{"start":{"line":23,"column":8},"end":{"line":23,"column":null}},"3":{"start":{"line":26,"column":14},"end":{"line":26,"column":null}},"4":{"start":{"line":27,"column":2},"end":{"line":27,"column":null}},"5":{"start":{"line":27,"column":42},"end":{"line":27,"column":null}},"6":{"start":{"line":28,"column":2},"end":{"line":28,"column":null}},"7":{"start":{"line":28,"column":43},"end":{"line":28,"column":null}},"8":{"start":{"line":29,"column":2},"end":{"line":29,"column":null}},"9":{"start":{"line":29,"column":47},"end":{"line":29,"column":null}},"10":{"start":{"line":32,"column":2},"end":{"line":113,"column":null}},"11":{"start":{"line":38,"column":27},"end":{"line":38,"column":null}},"12":{"start":{"line":48,"column":25},"end":{"line":48,"column":null}},"13":{"start":{"line":48,"column":49},"end":{"line":48,"column":54}},"14":{"start":{"line":61,"column":12},"end":{"line":61,"column":null}},"15":{"start":{"line":62,"column":12},"end":{"line":62,"column":null}},"16":{"start":{"line":97,"column":12},"end":{"line":97,"column":null}},"17":{"start":{"line":98,"column":12},"end":{"line":98,"column":null}},"18":{"start":{"line":99,"column":12},"end":{"line":99,"column":null}},"19":{"start":{"line":100,"column":12},"end":{"line":100,"column":null}}},"fnMap":{"0":{"name":"Header","decl":{"start":{"line":20,"column":9},"end":{"line":20,"column":18}},"loc":{"start":{"line":20,"column":18},"end":{"line":115,"column":null}},"line":20},"1":{"name":"(anonymous_1)","decl":{"start":{"line":38,"column":16},"end":{"line":38,"column":17}},"loc":{"start":{"line":38,"column":27},"end":{"line":38,"column":null}},"line":38},"2":{"name":"(anonymous_2)","decl":{"start":{"line":48,"column":19},"end":{"line":48,"column":25}},"loc":{"start":{"line":48,"column":25},"end":{"line":48,"column":null}},"line":48},"3":{"name":"(anonymous_3)","decl":{"start":{"line":48,"column":39},"end":{"line":48,"column":40}},"loc":{"start":{"line":48,"column":49},"end":{"line":48,"column":54}},"line":48},"4":{"name":"(anonymous_4)","decl":{"start":{"line":60,"column":19},"end":{"line":60,"column":25}},"loc":{"start":{"line":60,"column":25},"end":{"line":63,"column":null}},"line":60},"5":{"name":"(anonymous_5)","decl":{"start":{"line":96,"column":19},"end":{"line":96,"column":25}},"loc":{"start":{"line":96,"column":25},"end":{"line":101,"column":null}},"line":96}},"branchMap":{"0":{"loc":{"start":{"line":27,"column":2},"end":{"line":27,"column":null}},"type":"if","locations":[{"start":{"line":27,"column":2},"end":{"line":27,"column":null}},{"start":{},"end":{}}],"line":27},"1":{"loc":{"start":{"line":28,"column":2},"end":{"line":28,"column":null}},"type":"if","locations":[{"start":{"line":28,"column":2},"end":{"line":28,"column":null}},{"start":{},"end":{}}],"line":28},"2":{"loc":{"start":{"line":29,"column":2},"end":{"line":29,"column":null}},"type":"if","locations":[{"start":{"line":29,"column":2},"end":{"line":29,"column":null}},{"start":{},"end":{}}],"line":29},"3":{"loc":{"start":{"line":47,"column":23},"end":{"line":47,"column":null}},"type":"cond-expr","locations":[{"start":{"line":47,"column":36},"end":{"line":47,"column":52}},{"start":{"line":47,"column":52},"end":{"line":47,"column":null}}],"line":47}},"s":{"0":25,"1":25,"2":25,"3":25,"4":25,"5":1,"6":25,"7":2,"8":25,"9":1,"10":25,"11":25,"12":7,"13":7,"14":1,"15":1,"16":1,"17":1,"18":1,"19":1},"f":{"0":25,"1":25,"2":7,"3":7,"4":1,"5":1},"b":{"0":[1,24],"1":[2,23],"2":[1,24],"3":[6,19]},"meta":{"lastBranch":4,"lastFunction":6,"lastStatement":20,"seen":{"f:20:9:20:18":0,"s:21:44:21:Infinity":0,"s:22:8:22:Infinity":1,"s:23:8:23:Infinity":2,"s:26:14:26:Infinity":3,"b:27:2:27:Infinity:undefined:undefined:undefined:undefined":0,"s:27:2:27:Infinity":4,"s:27:42:27:Infinity":5,"b:28:2:28:Infinity:undefined:undefined:undefined:undefined":1,"s:28:2:28:Infinity":6,"s:28:43:28:Infinity":7,"b:29:2:29:Infinity:undefined:undefined:undefined:undefined":2,"s:29:2:29:Infinity":8,"s:29:47:29:Infinity":9,"s:32:2:113:Infinity":10,"f:38:16:38:17":1,"s:38:27:38:Infinity":11,"b:47:36:47:52:47:52:47:Infinity":3,"f:48:19:48:25":2,"s:48:25:48:Infinity":12,"f:48:39:48:40":3,"s:48:49:48:54":13,"f:60:19:60:25":4,"s:61:12:61:Infinity":14,"s:62:12:62:Infinity":15,"f:96:19:96:25":5,"s:97:12:97:Infinity":16,"s:98:12:98:Infinity":17,"s:99:12:99:Infinity":18,"s:100:12:100:Infinity":19}}}
,"C:\\CSE-186\\Assignment8\\frontend\\src\\view\\Home.jsx": {"path":"C:\\CSE-186\\Assignment8\\frontend\\src\\view\\Home.jsx","statementMap":{"0":{"start":{"line":20,"column":16},"end":{"line":20,"column":null}},"1":{"start":{"line":21,"column":8},"end":{"line":21,"column":null}},"2":{"start":{"line":22,"column":19},"end":{"line":22,"column":null}},"3":{"start":{"line":24,"column":2},"end":{"line":31,"column":null}},"4":{"start":{"line":37,"column":0},"end":{"line":39,"column":null}}},"fnMap":{"0":{"name":"Home","decl":{"start":{"line":19,"column":9},"end":{"line":19,"column":14}},"loc":{"start":{"line":19,"column":29},"end":{"line":33,"column":null}},"line":19}},"branchMap":{"0":{"loc":{"start":{"line":28,"column":7},"end":{"line":29,"column":null}},"type":"cond-expr","locations":[{"start":{"line":28,"column":18},"end":{"line":28,"column":null}},{"start":{"line":29,"column":6},"end":{"line":29,"column":null}}],"line":28}},"s":{"0":21,"1":21,"2":21,"3":21,"4":8},"f":{"0":21},"b":{"0":[1,20]},"meta":{"lastBranch":1,"lastFunction":1,"lastStatement":5,"seen":{"f:19:9:19:14":0,"s:20:16:20:Infinity":0,"s:21:8:21:Infinity":1,"s:22:19:22:Infinity":2,"s:24:2:31:Infinity":3,"b:28:18:28:Infinity:29:6:29:Infinity":0,"s:37:0:39:Infinity":4}}}
,"C:\\CSE-186\\Assignment8\\frontend\\src\\view\\Login.jsx": {"path":"C:\\CSE-186\\Assignment8\\frontend\\src\\view\\Login.jsx","statementMap":{"0":{"start":{"line":19,"column":6},"end":{"line":43,"column":null}},"1":{"start":{"line":19,"column":43},"end":{"line":43,"column":2}},"2":{"start":{"line":50,"column":8},"end":{"line":50,"column":null}},"3":{"start":{"line":51,"column":8},"end":{"line":51,"column":null}},"4":{"start":{"line":52,"column":28},"end":{"line":52,"column":null}},"5":{"start":{"line":53,"column":8},"end":{"line":53,"column":null}},"6":{"start":{"line":54,"column":17},"end":{"line":54,"column":null}},"7":{"start":{"line":56,"column":22},"end":{"line":75,"column":null}},"8":{"start":{"line":57,"column":18},"end":{"line":57,"column":null}},"9":{"start":{"line":58,"column":21},"end":{"line":58,"column":null}},"10":{"start":{"line":60,"column":16},"end":{"line":64,"column":null}},"11":{"start":{"line":66,"column":17},"end":{"line":66,"column":null}},"12":{"start":{"line":68,"column":4},"end":{"line":74,"column":null}},"13":{"start":{"line":69,"column":6},"end":{"line":69,"column":null}},"14":{"start":{"line":70,"column":6},"end":{"line":70,"column":null}},"15":{"start":{"line":71,"column":6},"end":{"line":71,"column":null}},"16":{"start":{"line":73,"column":6},"end":{"line":73,"column":null}},"17":{"start":{"line":77,"column":2},"end":{"line":154,"column":null}}},"fnMap":{"0":{"name":"(anonymous_0)","decl":{"start":{"line":19,"column":29},"end":{"line":19,"column":30}},"loc":{"start":{"line":19,"column":43},"end":{"line":43,"column":2}},"line":19},"1":{"name":"Login","decl":{"start":{"line":49,"column":24},"end":{"line":49,"column":32}},"loc":{"start":{"line":49,"column":32},"end":{"line":156,"column":null}},"line":49},"2":{"name":"(anonymous_2)","decl":{"start":{"line":56,"column":22},"end":{"line":56,"column":34}},"loc":{"start":{"line":56,"column":34},"end":{"line":75,"column":null}},"line":56}},"branchMap":{"0":{"loc":{"start":{"line":68,"column":4},"end":{"line":74,"column":null}},"type":"if","locations":[{"start":{"line":68,"column":4},"end":{"line":74,"column":null}},{"start":{"line":72,"column":11},"end":{"line":74,"column":null}}],"line":68},"1":{"loc":{"start":{"line":135,"column":11},"end":{"line":142,"column":null}},"type":"binary-expr","locations":[{"start":{"line":135,"column":11},"end":{"line":135,"column":null}},{"start":{"line":136,"column":12},"end":{"line":142,"column":null}}],"line":135}},"s":{"0":8,"1":9,"2":9,"3":9,"4":9,"5":9,"6":9,"7":9,"8":2,"9":2,"10":2,"11":2,"12":2,"13":1,"14":1,"15":1,"16":1,"17":9},"f":{"0":9,"1":9,"2":2},"b":{"0":[1,1],"1":[9,1]},"meta":{"lastBranch":2,"lastFunction":3,"lastStatement":18,"seen":{"s:19:6:43:Infinity":0,"f:19:29:19:30":0,"s:19:43:43:2":1,"f:49:24:49:32":1,"s:50:8:50:Infinity":2,"s:51:8:51:Infinity":3,"s:52:28:52:Infinity":4,"s:53:8:53:Infinity":5,"s:54:17:54:Infinity":6,"s:56:22:75:Infinity":7,"f:56:22:56:34":2,"s:57:18:57:Infinity":8,"s:58:21:58:Infinity":9,"s:60:16:64:Infinity":10,"s:66:17:66:Infinity":11,"b:68:4:74:Infinity:72:11:74:Infinity":0,"s:68:4:74:Infinity":12,"s:69:6:69:Infinity":13,"s:70:6:70:Infinity":14,"s:71:6:71:Infinity":15,"s:73:6:73:Infinity":16,"s:77:2:154:Infinity":17,"b:135:11:135:Infinity:136:12:142:Infinity":1}}}
,"C:\\CSE-186\\Assignment8\\frontend\\src\\view\\Posts.jsx": {"path":"C:\\CSE-186\\Assignment8\\frontend\\src\\view\\Posts.jsx","statementMap":{"0":{"start":{"line":22,"column":24},"end":{"line":22,"column":null}},"1":{"start":{"line":23,"column":17},"end":{"line":23,"column":null}},"2":{"start":{"line":24,"column":16},"end":{"line":24,"column":null}},"3":{"start":{"line":25,"column":8},"end":{"line":25,"column":null}},"4":{"start":{"line":26,"column":8},"end":{"line":26,"column":null}},"5":{"start":{"line":30,"column":2},"end":{"line":73,"column":null}},"6":{"start":{"line":31,"column":4},"end":{"line":31,"column":null}},"7":{"start":{"line":31,"column":16},"end":{"line":31,"column":null}},"8":{"start":{"line":33,"column":21},"end":{"line":70,"column":null}},"9":{"start":{"line":35,"column":6},"end":{"line":59,"column":null}},"10":{"start":{"line":36,"column":8},"end":{"line":42,"column":null}},"11":{"start":{"line":43,"column":6},"end":{"line":59,"column":null}},"12":{"start":{"line":44,"column":8},"end":{"line":50,"column":null}},"13":{"start":{"line":52,"column":8},"end":{"line":58,"column":null}},"14":{"start":{"line":61,"column":6},"end":{"line":64,"column":null}},"15":{"start":{"line":62,"column":8},"end":{"line":62,"column":null}},"16":{"start":{"line":62,"column":21},"end":{"line":62,"column":null}},"17":{"start":{"line":63,"column":8},"end":{"line":63,"column":null}},"18":{"start":{"line":67,"column":19},"end":{"line":67,"column":null}},"19":{"start":{"line":69,"column":6},"end":{"line":69,"column":null}},"20":{"start":{"line":72,"column":4},"end":{"line":72,"column":null}},"21":{"start":{"line":75,"column":21},"end":{"line":86,"column":null}},"22":{"start":{"line":76,"column":19},"end":{"line":76,"column":null}},"23":{"start":{"line":77,"column":16},"end":{"line":80,"column":null}},"24":{"start":{"line":81,"column":24},"end":{"line":81,"column":null}},"25":{"start":{"line":83,"column":4},"end":{"line":85,"column":null}},"26":{"start":{"line":83,"column":23},"end":{"line":85,"column":5}},"27":{"start":{"line":84,"column":6},"end":{"line":84,"column":null}},"28":{"start":{"line":88,"column":2},"end":{"line":217,"column":null}},"29":{"start":{"line":113,"column":10},"end":{"line":214,"column":null}},"30":{"start":{"line":201,"column":33},"end":{"line":201,"column":null}},"31":{"start":{"line":227,"column":20},"end":{"line":227,"column":null}},"32":{"start":{"line":228,"column":14},"end":{"line":228,"column":null}},"33":{"start":{"line":231,"column":4},"end":{"line":233,"column":null}},"34":{"start":{"line":235,"column":20},"end":{"line":235,"column":null}},"35":{"start":{"line":236,"column":2},"end":{"line":236,"column":null}},"36":{"start":{"line":238,"column":4},"end":{"line":240,"column":null}},"37":{"start":{"line":242,"column":21},"end":{"line":242,"column":null}},"38":{"start":{"line":243,"column":2},"end":{"line":243,"column":null}},"39":{"start":{"line":245,"column":15},"end":{"line":247,"column":null}},"40":{"start":{"line":249,"column":2},"end":{"line":261,"column":null}},"41":{"start":{"line":251,"column":4},"end":{"line":251,"column":null}},"42":{"start":{"line":252,"column":2},"end":{"line":261,"column":null}},"43":{"start":{"line":253,"column":4},"end":{"line":253,"column":null}},"44":{"start":{"line":254,"column":2},"end":{"line":261,"column":null}},"45":{"start":{"line":255,"column":18},"end":{"line":255,"column":null}},"46":{"start":{"line":256,"column":16},"end":{"line":256,"column":null}},"47":{"start":{"line":257,"column":4},"end":{"line":257,"column":null}},"48":{"start":{"line":260,"column":4},"end":{"line":260,"column":null}},"49":{"start":{"line":266,"column":0},"end":{"line":269,"column":null}}},"fnMap":{"0":{"name":"Posts","decl":{"start":{"line":21,"column":9},"end":{"line":21,"column":15}},"loc":{"start":{"line":21,"column":39},"end":{"line":219,"column":null}},"line":21},"1":{"name":"(anonymous_1)","decl":{"start":{"line":30,"column":12},"end":{"line":30,"column":18}},"loc":{"start":{"line":30,"column":18},"end":{"line":73,"column":5}},"line":30},"2":{"name":"(anonymous_2)","decl":{"start":{"line":33,"column":21},"end":{"line":33,"column":33}},"loc":{"start":{"line":33,"column":33},"end":{"line":70,"column":null}},"line":33},"3":{"name":"(anonymous_3)","decl":{"start":{"line":75,"column":21},"end":{"line":75,"column":28}},"loc":{"start":{"line":75,"column":46},"end":{"line":86,"column":null}},"line":75},"4":{"name":"(anonymous_4)","decl":{"start":{"line":83,"column":13},"end":{"line":83,"column":14}},"loc":{"start":{"line":83,"column":23},"end":{"line":85,"column":5}},"line":83},"5":{"name":"(anonymous_5)","decl":{"start":{"line":83,"column":32},"end":{"line":83,"column":33}},"loc":{"start":{"line":84,"column":6},"end":{"line":84,"column":null}},"line":84},"6":{"name":"(anonymous_6)","decl":{"start":{"line":112,"column":19},"end":{"line":112,"column":20}},"loc":{"start":{"line":113,"column":10},"end":{"line":214,"column":null}},"line":113},"7":{"name":"(anonymous_7)","decl":{"start":{"line":201,"column":27},"end":{"line":201,"column":33}},"loc":{"start":{"line":201,"column":33},"end":{"line":201,"column":null}},"line":201},"8":{"name":"formatEmailDate","decl":{"start":{"line":226,"column":9},"end":{"line":226,"column":25}},"loc":{"start":{"line":226,"column":34},"end":{"line":262,"column":null}},"line":226}},"branchMap":{"0":{"loc":{"start":{"line":31,"column":4},"end":{"line":31,"column":null}},"type":"if","locations":[{"start":{"line":31,"column":4},"end":{"line":31,"column":null}},{"start":{},"end":{}}],"line":31},"1":{"loc":{"start":{"line":35,"column":6},"end":{"line":59,"column":null}},"type":"if","locations":[{"start":{"line":35,"column":6},"end":{"line":59,"column":null}},{"start":{"line":43,"column":6},"end":{"line":59,"column":null}}],"line":35},"2":{"loc":{"start":{"line":43,"column":6},"end":{"line":59,"column":null}},"type":"if","locations":[{"start":{"line":43,"column":6},"end":{"line":59,"column":null}},{"start":{"line":51,"column":13},"end":{"line":59,"column":null}}],"line":43},"3":{"loc":{"start":{"line":61,"column":6},"end":{"line":64,"column":null}},"type":"if","locations":[{"start":{"line":61,"column":6},"end":{"line":64,"column":null}},{"start":{},"end":{}}],"line":61},"4":{"loc":{"start":{"line":62,"column":8},"end":{"line":62,"column":null}},"type":"if","locations":[{"start":{"line":62,"column":8},"end":{"line":62,"column":null}},{"start":{},"end":{}}],"line":62},"5":{"loc":{"start":{"line":69,"column":15},"end":{"line":69,"column":45}},"type":"cond-expr","locations":[{"start":{"line":69,"column":25},"end":{"line":69,"column":41}},{"start":{"line":69,"column":41},"end":{"line":69,"column":45}}],"line":69},"6":{"loc":{"start":{"line":76,"column":19},"end":{"line":76,"column":null}},"type":"cond-expr","locations":[{"start":{"line":76,"column":27},"end":{"line":76,"column":38}},{"start":{"line":76,"column":38},"end":{"line":76,"column":null}}],"line":76},"7":{"loc":{"start":{"line":84,"column":6},"end":{"line":84,"column":null}},"type":"cond-expr","locations":[{"start":{"line":84,"column":28},"end":{"line":84,"column":42}},{"start":{"line":84,"column":42},"end":{"line":84,"column":null}}],"line":84},"8":{"loc":{"start":{"line":95,"column":15},"end":{"line":95,"column":null}},"type":"cond-expr","locations":[{"start":{"line":95,"column":26},"end":{"line":95,"column":35}},{"start":{"line":95,"column":35},"end":{"line":95,"column":null}}],"line":95},"9":{"loc":{"start":{"line":96,"column":12},"end":{"line":96,"column":null}},"type":"cond-expr","locations":[{"start":{"line":96,"column":23},"end":{"line":96,"column":27}},{"start":{"line":96,"column":27},"end":{"line":96,"column":null}}],"line":96},"10":{"loc":{"start":{"line":106,"column":14},"end":{"line":106,"column":null}},"type":"cond-expr","locations":[{"start":{"line":106,"column":25},"end":{"line":106,"column":31}},{"start":{"line":106,"column":31},"end":{"line":106,"column":null}}],"line":106},"11":{"loc":{"start":{"line":157,"column":17},"end":{"line":161,"column":null}},"type":"cond-expr","locations":[{"start":{"line":158,"column":16},"end":{"line":159,"column":null}},{"start":{"line":160,"column":16},"end":{"line":161,"column":null}}],"line":157},"12":{"loc":{"start":{"line":200,"column":30},"end":{"line":200,"column":null}},"type":"cond-expr","locations":[{"start":{"line":200,"column":47},"end":{"line":200,"column":58}},{"start":{"line":200,"column":58},"end":{"line":200,"column":null}}],"line":200},"13":{"loc":{"start":{"line":204,"column":19},"end":{"line":206,"column":null}},"type":"cond-expr","locations":[{"start":{"line":205,"column":20},"end":{"line":205,"column":null}},{"start":{"line":206,"column":20},"end":{"line":206,"column":null}}],"line":204},"14":{"loc":{"start":{"line":231,"column":4},"end":{"line":233,"column":null}},"type":"binary-expr","locations":[{"start":{"line":231,"column":4},"end":{"line":231,"column":null}},{"start":{"line":232,"column":4},"end":{"line":232,"column":null}},{"start":{"line":233,"column":4},"end":{"line":233,"column":null}}],"line":231},"15":{"loc":{"start":{"line":238,"column":4},"end":{"line":240,"column":null}},"type":"binary-expr","locations":[{"start":{"line":238,"column":4},"end":{"line":238,"column":null}},{"start":{"line":239,"column":4},"end":{"line":239,"column":null}},{"start":{"line":240,"column":4},"end":{"line":240,"column":null}}],"line":238},"16":{"loc":{"start":{"line":249,"column":2},"end":{"line":261,"column":null}},"type":"if","locations":[{"start":{"line":249,"column":2},"end":{"line":261,"column":null}},{"start":{"line":252,"column":2},"end":{"line":261,"column":null}}],"line":249},"17":{"loc":{"start":{"line":252,"column":2},"end":{"line":261,"column":null}},"type":"if","locations":[{"start":{"line":252,"column":2},"end":{"line":261,"column":null}},{"start":{"line":254,"column":2},"end":{"line":261,"column":null}}],"line":252},"18":{"loc":{"start":{"line":254,"column":2},"end":{"line":261,"column":null}},"type":"if","locations":[{"start":{"line":254,"column":2},"end":{"line":261,"column":null}},{"start":{"line":258,"column":9},"end":{"line":261,"column":null}}],"line":254}},"s":{"0":51,"1":51,"2":51,"3":51,"4":51,"5":51,"6":26,"7":11,"8":15,"9":15,"10":2,"11":13,"12":1,"13":12,"14":15,"15":2,"16":1,"17":2,"18":13,"19":13,"20":15,"21":51,"22":2,"23":2,"24":2,"25":2,"26":2,"27":4,"28":51,"29":24,"30":2,"31":24,"32":24,"33":24,"34":24,"35":24,"36":24,"37":24,"38":24,"39":24,"40":24,"41":1,"42":23,"43":1,"44":22,"45":1,"46":1,"47":1,"48":21,"49":8},"f":{"0":51,"1":26,"2":15,"3":2,"4":2,"5":4,"6":24,"7":2,"8":24},"b":{"0":[11,15],"1":[2,13],"2":[1,12],"3":[2,13],"4":[1,1],"5":[1,12],"6":[1,1],"7":[2,2],"8":[20,31],"9":[20,31],"10":[20,31],"11":[13,11],"12":[3,21],"13":[3,21],"14":[24,3,2],"15":[24,3,2],"16":[1,23],"17":[1,22],"18":[1,21]},"meta":{"lastBranch":19,"lastFunction":9,"lastStatement":50,"seen":{"f:21:9:21:15":0,"s:22:24:22:Infinity":0,"s:23:17:23:Infinity":1,"s:24:16:24:Infinity":2,"s:25:8:25:Infinity":3,"s:26:8:26:Infinity":4,"s:30:2:73:Infinity":5,"f:30:12:30:18":1,"b:31:4:31:Infinity:undefined:undefined:undefined:undefined":0,"s:31:4:31:Infinity":6,"s:31:16:31:Infinity":7,"s:33:21:70:Infinity":8,"f:33:21:33:33":2,"b:35:6:59:Infinity:43:6:59:Infinity":1,"s:35:6:59:Infinity":9,"s:36:8:42:Infinity":10,"b:43:6:59:Infinity:51:13:59:Infinity":2,"s:43:6:59:Infinity":11,"s:44:8:50:Infinity":12,"s:52:8:58:Infinity":13,"b:61:6:64:Infinity:undefined:undefined:undefined:undefined":3,"s:61:6:64:Infinity":14,"b:62:8:62:Infinity:undefined:undefined:undefined:undefined":4,"s:62:8:62:Infinity":15,"s:62:21:62:Infinity":16,"s:63:8:63:Infinity":17,"s:67:19:67:Infinity":18,"s:69:6:69:Infinity":19,"b:69:25:69:41:69:41:69:45":5,"s:72:4:72:Infinity":20,"s:75:21:86:Infinity":21,"f:75:21:75:28":3,"s:76:19:76:Infinity":22,"b:76:27:76:38:76:38:76:Infinity":6,"s:77:16:80:Infinity":23,"s:81:24:81:Infinity":24,"s:83:4:85:Infinity":25,"f:83:13:83:14":4,"s:83:23:85:5":26,"f:83:32:83:33":5,"s:84:6:84:Infinity":27,"b:84:28:84:42:84:42:84:Infinity":7,"s:88:2:217:Infinity":28,"b:95:26:95:35:95:35:95:Infinity":8,"b:96:23:96:27:96:27:96:Infinity":9,"b:106:25:106:31:106:31:106:Infinity":10,"f:112:19:112:20":6,"s:113:10:214:Infinity":29,"b:158:16:159:Infinity:160:16:161:Infinity":11,"b:200:47:200:58:200:58:200:Infinity":12,"f:201:27:201:33":7,"s:201:33:201:Infinity":30,"b:205:20:205:Infinity:206:20:206:Infinity":13,"f:226:9:226:25":8,"s:227:20:227:Infinity":31,"s:228:14:228:Infinity":32,"s:231:4:233:Infinity":33,"b:231:4:231:Infinity:232:4:232:Infinity:233:4:233:Infinity":14,"s:235:20:235:Infinity":34,"s:236:2:236:Infinity":35,"s:238:4:240:Infinity":36,"b:238:4:238:Infinity:239:4:239:Infinity:240:4:240:Infinity":15,"s:242:21:242:Infinity":37,"s:243:2:243:Infinity":38,"s:245:15:247:Infinity":39,"b:249:2:261:Infinity:252:2:261:Infinity":16,"s:249:2:261:Infinity":40,"s:251:4:251:Infinity":41,"b:252:2:261:Infinity:254:2:261:Infinity":17,"s:252:2:261:Infinity":42,"s:253:4:253:Infinity":43,"b:254:2:261:Infinity:258:9:261:Infinity":18,"s:254:2:261:Infinity":44,"s:255:18:255:Infinity":45,"s:256:16:256:Infinity":46,"s:257:4:257:Infinity":47,"s:260:4:260:Infinity":48,"s:266:0:269:Infinity":49}}}
}
