{"C:\\CSE-186\\Assignment8\\backend\\src\\app.js": {"path":"C:\\CSE-186\\Assignment8\\backend\\src\\app.js","statementMap":{"0":{"start":{"line":35,"column":18},"end":{"line":35,"column":49}},"1":{"start":{"line":36,"column":18},"end":{"line":36,"column":42}},"2":{"start":{"line":38,"column":11},"end":{"line":38,"column":21}},"3":{"start":{"line":39,"column":0},"end":{"line":39,"column":null}},"4":{"start":{"line":40,"column":0},"end":{"line":40,"column":null}},"5":{"start":{"line":42,"column":16},"end":{"line":42,"column":59}},"6":{"start":{"line":44,"column":15},"end":{"line":44,"column":58}},"7":{"start":{"line":45,"column":0},"end":{"line":45,"column":null}},"8":{"start":{"line":49,"column":0},"end":{"line":52,"column":null}},"9":{"start":{"line":54,"column":0},"end":{"line":60,"column":null}},"10":{"start":{"line":65,"column":0},"end":{"line":71,"column":null}},"11":{"start":{"line":66,"column":2},"end":{"line":70,"column":null}},"12":{"start":{"line":74,"column":0},"end":{"line":74,"column":null}},"13":{"start":{"line":77,"column":0},"end":{"line":77,"column":39}},"14":{"start":{"line":78,"column":0},"end":{"line":78,"column":48}},"15":{"start":{"line":79,"column":0},"end":{"line":79,"column":null}},"16":{"start":{"line":82,"column":0},"end":{"line":82,"column":null}},"17":{"start":{"line":83,"column":0},"end":{"line":83,"column":null}},"18":{"start":{"line":87,"column":0},"end":{"line":87,"column":null}},"19":{"start":{"line":88,"column":0},"end":{"line":88,"column":null}},"20":{"start":{"line":90,"column":15},"end":{"line":90,"column":37}}},"fnMap":{"0":{"name":"(anonymous_0)","decl":{"start":{"line":65,"column":8},"end":{"line":65,"column":9}},"loc":{"start":{"line":65,"column":33},"end":{"line":71,"column":1}},"line":65}},"branchMap":{},"s":{"0":3,"1":3,"2":3,"3":3,"4":3,"5":3,"6":3,"7":3,"8":3,"9":3,"10":3,"11":6,"12":3,"13":3,"14":3,"15":3,"16":3,"17":3,"18":3,"19":3,"20":3},"f":{"0":6},"b":{},"meta":{"lastBranch":0,"lastFunction":1,"lastStatement":21,"seen":{"s:35:18:35:49":0,"s:36:18:36:42":1,"s:38:11:38:21":2,"s:39:0:39:Infinity":3,"s:40:0:40:Infinity":4,"s:42:16:42:59":5,"s:44:15:44:58":6,"s:45:0:45:Infinity":7,"s:49:0:52:Infinity":8,"s:54:0:60:Infinity":9,"s:65:0:71:Infinity":10,"f:65:8:65:9":0,"s:66:2:70:Infinity":11,"s:74:0:74:Infinity":12,"s:77:0:77:39":13,"s:78:0:78:48":14,"s:79:0:79:Infinity":15,"s:82:0:82:Infinity":16,"s:83:0:83:Infinity":17,"s:87:0:87:Infinity":18,"s:88:0:88:Infinity":19,"s:90:15:90:37":20}}}
,"C:\\CSE-186\\Assignment8\\backend\\src\\middleware\\auth.js": {"path":"C:\\CSE-186\\Assignment8\\backend\\src\\middleware\\auth.js","statementMap":{"0":{"start":{"line":25,"column":21},"end":{"line":25,"column":46}},"1":{"start":{"line":26,"column":16},"end":{"line":26,"column":40}},"2":{"start":{"line":27,"column":2},"end":{"line":33,"column":3}},"3":{"start":{"line":28,"column":17},"end":{"line":28,"column":40}},"4":{"start":{"line":29,"column":4},"end":{"line":29,"column":null}},"5":{"start":{"line":30,"column":4},"end":{"line":30,"column":null}},"6":{"start":{"line":32,"column":4},"end":{"line":32,"column":null}}},"fnMap":{"0":{"name":"check","decl":{"start":{"line":24,"column":22},"end":{"line":24,"column":27}},"loc":{"start":{"line":24,"column":44},"end":{"line":34,"column":1}},"line":24}},"branchMap":{},"s":{"0":46,"1":46,"2":46,"3":46,"4":46,"5":46,"6":2},"f":{"0":46},"b":{},"meta":{"lastBranch":0,"lastFunction":1,"lastStatement":7,"seen":{"f:24:22:24:27":0,"s:25:21:25:46":0,"s:26:16:26:40":1,"s:27:2:33:3":2,"s:28:17:28:40":3,"s:29:4:29:Infinity":4,"s:30:4:30:Infinity":5,"s:32:4:32:Infinity":6}}}
,"C:\\CSE-186\\Assignment8\\backend\\src\\model\\auth.js": {"path":"C:\\CSE-186\\Assignment8\\backend\\src\\model\\auth.js","statementMap":{"0":{"start":{"line":22,"column":2},"end":{"line":29,"column":null}},"1":{"start":{"line":23,"column":4},"end":{"line":25,"column":null}},"2":{"start":{"line":24,"column":6},"end":{"line":24,"column":null}},"3":{"start":{"line":26,"column":4},"end":{"line":26,"column":null}},"4":{"start":{"line":27,"column":4},"end":{"line":27,"column":null}},"5":{"start":{"line":28,"column":4},"end":{"line":28,"column":null}},"6":{"start":{"line":30,"column":2},"end":{"line":30,"column":null}},"7":{"start":{"line":39,"column":2},"end":{"line":44,"column":null}}},"fnMap":{"0":{"name":"verify","decl":{"start":{"line":20,"column":16},"end":{"line":20,"column":22}},"loc":{"start":{"line":20,"column":30},"end":{"line":31,"column":1}},"line":20},"1":{"name":"(anonymous_1)","decl":{"start":{"line":22,"column":40},"end":{"line":22,"column":41}},"loc":{"start":{"line":22,"column":56},"end":{"line":29,"column":3}},"line":22},"2":{"name":"sign","decl":{"start":{"line":38,"column":16},"end":{"line":38,"column":20}},"loc":{"start":{"line":38,"column":27},"end":{"line":45,"column":1}},"line":38}},"branchMap":{"0":{"loc":{"start":{"line":23,"column":4},"end":{"line":25,"column":null}},"type":"if","locations":[{"start":{"line":23,"column":4},"end":{"line":25,"column":null}},{"start":{},"end":{}}],"line":23}},"s":{"0":46,"1":46,"2":2,"3":44,"4":44,"5":44,"6":46,"7":3},"f":{"0":46,"1":46,"2":3},"b":{"0":[2,44]},"meta":{"lastBranch":1,"lastFunction":3,"lastStatement":8,"seen":{"f:20:16:20:22":0,"s:22:2:29:Infinity":0,"f:22:40:22:41":1,"b:23:4:25:Infinity:undefined:undefined:undefined:undefined":0,"s:23:4:25:Infinity":1,"s:24:6:24:Infinity":2,"s:26:4:26:Infinity":3,"s:27:4:27:Infinity":4,"s:28:4:28:Infinity":5,"s:30:2:30:Infinity":6,"f:38:16:38:20":2,"s:39:2:44:Infinity":7}}}
,"C:\\CSE-186\\Assignment8\\backend\\src\\model\\pool.js": {"path":"C:\\CSE-186\\Assignment8\\backend\\src\\model\\pool.js","statementMap":{"0":{"start":{"line":14,"column":20},"end":{"line":20,"column":2}}},"fnMap":{},"branchMap":{},"s":{"0":3},"f":{},"b":{},"meta":{"lastBranch":0,"lastFunction":0,"lastStatement":1,"seen":{"s:14:20:20:2":0}}}
,"C:\\CSE-186\\Assignment8\\backend\\src\\model\\posts.js": {"path":"C:\\CSE-186\\Assignment8\\backend\\src\\model\\posts.js","statementMap":{"0":{"start":{"line":9,"column":21},"end":{"line":28,"column":3}},"1":{"start":{"line":30,"column":17},"end":{"line":30,"column":55}},"2":{"start":{"line":31,"column":2},"end":{"line":31,"column":null}},"3":{"start":{"line":40,"column":16},"end":{"line":58,"column":3}},"4":{"start":{"line":60,"column":17},"end":{"line":60,"column":50}},"5":{"start":{"line":61,"column":2},"end":{"line":61,"column":null}},"6":{"start":{"line":71,"column":17},"end":{"line":80,"column":14}},"7":{"start":{"line":81,"column":2},"end":{"line":81,"column":null}},"8":{"start":{"line":91,"column":16},"end":{"line":113,"column":3}},"9":{"start":{"line":115,"column":17},"end":{"line":115,"column":59}},"10":{"start":{"line":116,"column":2},"end":{"line":116,"column":null}},"11":{"start":{"line":128,"column":16},"end":{"line":136,"column":3}},"12":{"start":{"line":138,"column":17},"end":{"line":138,"column":61}},"13":{"start":{"line":140,"column":17},"end":{"line":140,"column":48}},"14":{"start":{"line":141,"column":17},"end":{"line":141,"column":31}},"15":{"start":{"line":144,"column":20},"end":{"line":161,"column":3}},"16":{"start":{"line":163,"column":27},"end":{"line":163,"column":72}},"17":{"start":{"line":164,"column":2},"end":{"line":164,"column":null}},"18":{"start":{"line":175,"column":20},"end":{"line":179,"column":3}},"19":{"start":{"line":180,"column":2},"end":{"line":180,"column":null}},"20":{"start":{"line":187,"column":22},"end":{"line":195,"column":3}},"21":{"start":{"line":196,"column":2},"end":{"line":196,"column":null}},"22":{"start":{"line":199,"column":20},"end":{"line":212,"column":3}},"23":{"start":{"line":213,"column":17},"end":{"line":213,"column":54}},"24":{"start":{"line":214,"column":2},"end":{"line":214,"column":null}},"25":{"start":{"line":225,"column":22},"end":{"line":229,"column":3}},"26":{"start":{"line":230,"column":2},"end":{"line":230,"column":null}},"27":{"start":{"line":233,"column":22},"end":{"line":241,"column":3}},"28":{"start":{"line":242,"column":2},"end":{"line":242,"column":null}},"29":{"start":{"line":245,"column":20},"end":{"line":258,"column":3}},"30":{"start":{"line":259,"column":17},"end":{"line":259,"column":54}},"31":{"start":{"line":260,"column":2},"end":{"line":260,"column":null}}},"fnMap":{"0":{"name":"retrievePosts","decl":{"start":{"line":8,"column":22},"end":{"line":8,"column":35}},"loc":{"start":{"line":8,"column":44},"end":{"line":32,"column":null}},"line":8},"1":{"name":"retrieveMyPosts","decl":{"start":{"line":39,"column":22},"end":{"line":39,"column":37}},"loc":{"start":{"line":39,"column":46},"end":{"line":62,"column":null}},"line":39},"2":{"name":"retrieveGroups","decl":{"start":{"line":70,"column":22},"end":{"line":70,"column":36}},"loc":{"start":{"line":70,"column":45},"end":{"line":82,"column":null}},"line":70},"3":{"name":"retrieveGroupPosts","decl":{"start":{"line":90,"column":22},"end":{"line":90,"column":40}},"loc":{"start":{"line":90,"column":58},"end":{"line":117,"column":null}},"line":90},"4":{"name":"createPost","decl":{"start":{"line":127,"column":22},"end":{"line":127,"column":32}},"loc":{"start":{"line":127,"column":76},"end":{"line":165,"column":null}},"line":127},"5":{"name":"userLikePost","decl":{"start":{"line":173,"column":22},"end":{"line":173,"column":34}},"loc":{"start":{"line":173,"column":51},"end":{"line":215,"column":null}},"line":173},"6":{"name":"userUnlikePost","decl":{"start":{"line":223,"column":22},"end":{"line":223,"column":36}},"loc":{"start":{"line":223,"column":53},"end":{"line":261,"column":null}},"line":223}},"branchMap":{"0":{"loc":{"start":{"line":127,"column":41},"end":{"line":127,"column":55}},"type":"default-arg","locations":[{"start":{"line":127,"column":51},"end":{"line":127,"column":55}}],"line":127},"1":{"loc":{"start":{"line":138,"column":26},"end":{"line":138,"column":41}},"type":"binary-expr","locations":[{"start":{"line":138,"column":26},"end":{"line":138,"column":33}},{"start":{"line":138,"column":37},"end":{"line":138,"column":41}}],"line":138}},"s":{"0":7,"1":7,"2":7,"3":2,"4":2,"5":2,"6":17,"7":17,"8":11,"9":11,"10":11,"11":5,"12":5,"13":5,"14":5,"15":5,"16":5,"17":5,"18":1,"19":1,"20":1,"21":1,"22":1,"23":1,"24":1,"25":1,"26":1,"27":1,"28":1,"29":1,"30":1,"31":1},"f":{"0":7,"1":2,"2":17,"3":11,"4":5,"5":1,"6":1},"b":{"0":[5],"1":[5,5]},"meta":{"lastBranch":2,"lastFunction":7,"lastStatement":32,"seen":{"f:8:22:8:35":0,"s:9:21:28:3":0,"s:30:17:30:55":1,"s:31:2:31:Infinity":2,"f:39:22:39:37":1,"s:40:16:58:3":3,"s:60:17:60:50":4,"s:61:2:61:Infinity":5,"f:70:22:70:36":2,"s:71:17:80:14":6,"s:81:2:81:Infinity":7,"f:90:22:90:40":3,"s:91:16:113:3":8,"s:115:17:115:59":9,"s:116:2:116:Infinity":10,"f:127:22:127:32":4,"b:127:51:127:55":0,"s:128:16:136:3":11,"s:138:17:138:61":12,"b:138:26:138:33:138:37:138:41":1,"s:140:17:140:48":13,"s:141:17:141:31":14,"s:144:20:161:3":15,"s:163:27:163:72":16,"s:164:2:164:Infinity":17,"f:173:22:173:34":5,"s:175:20:179:3":18,"s:180:2:180:Infinity":19,"s:187:22:195:3":20,"s:196:2:196:Infinity":21,"s:199:20:212:3":22,"s:213:17:213:54":23,"s:214:2:214:Infinity":24,"f:223:22:223:36":6,"s:225:22:229:3":25,"s:230:2:230:Infinity":26,"s:233:22:241:3":27,"s:242:2:242:Infinity":28,"s:245:20:258:3":29,"s:259:17:259:54":30,"s:260:2:260:Infinity":31}}}
,"C:\\CSE-186\\Assignment8\\backend\\src\\model\\user.js": {"path":"C:\\CSE-186\\Assignment8\\backend\\src\\model\\user.js","statementMap":{"0":{"start":{"line":15,"column":14},"end":{"line":24,"column":1}},"1":{"start":{"line":19,"column":2},"end":{"line":23,"column":null}},"2":{"start":{"line":32,"column":14},"end":{"line":32,"column":71}},"3":{"start":{"line":33,"column":15},"end":{"line":33,"column":26}},"4":{"start":{"line":34,"column":2},"end":{"line":34,"column":null}},"5":{"start":{"line":45,"column":14},"end":{"line":51,"column":23}},"6":{"start":{"line":53,"column":15},"end":{"line":53,"column":26}},"7":{"start":{"line":54,"column":2},"end":{"line":54,"column":null}},"8":{"start":{"line":54,"column":13},"end":{"line":54,"column":null}},"9":{"start":{"line":57,"column":2},"end":{"line":57,"column":null}}},"fnMap":{"0":{"name":"(anonymous_0)","decl":{"start":{"line":15,"column":14},"end":{"line":15,"column":15}},"loc":{"start":{"line":15,"column":27},"end":{"line":24,"column":1}},"line":15},"1":{"name":"retrieveById","decl":{"start":{"line":31,"column":22},"end":{"line":31,"column":34}},"loc":{"start":{"line":31,"column":39},"end":{"line":35,"column":null}},"line":31},"2":{"name":"retrieveByCredentials","decl":{"start":{"line":44,"column":22},"end":{"line":44,"column":43}},"loc":{"start":{"line":44,"column":61},"end":{"line":58,"column":null}},"line":44}},"branchMap":{"0":{"loc":{"start":{"line":54,"column":2},"end":{"line":54,"column":null}},"type":"if","locations":[{"start":{"line":54,"column":2},"end":{"line":54,"column":null}},{"start":{},"end":{}}],"line":54}},"s":{"0":3,"1":47,"2":44,"3":44,"4":44,"5":5,"6":5,"7":5,"8":2,"9":3},"f":{"0":47,"1":44,"2":5},"b":{"0":[2,3]},"meta":{"lastBranch":1,"lastFunction":3,"lastStatement":10,"seen":{"s:15:14:24:1":0,"f:15:14:15:15":0,"s:19:2:23:Infinity":1,"f:31:22:31:34":1,"s:32:14:32:71":2,"s:33:15:33:26":3,"s:34:2:34:Infinity":4,"f:44:22:44:43":2,"s:45:14:51:23":5,"s:53:15:53:26":6,"b:54:2:54:Infinity:undefined:undefined:undefined:undefined":0,"s:54:2:54:Infinity":7,"s:54:13:54:Infinity":8,"s:57:2:57:Infinity":9}}}
,"C:\\CSE-186\\Assignment8\\backend\\src\\route\\login.js": {"path":"C:\\CSE-186\\Assignment8\\backend\\src\\route\\login.js","statementMap":{"0":{"start":{"line":22,"column":28},"end":{"line":22,"column":36}},"1":{"start":{"line":25,"column":15},"end":{"line":25,"column":69}},"2":{"start":{"line":26,"column":2},"end":{"line":28,"column":null}},"3":{"start":{"line":27,"column":4},"end":{"line":27,"column":null}},"4":{"start":{"line":30,"column":22},"end":{"line":30,"column":51}},"5":{"start":{"line":33,"column":2},"end":{"line":36,"column":null}}},"fnMap":{"0":{"name":"login","decl":{"start":{"line":21,"column":22},"end":{"line":21,"column":27}},"loc":{"start":{"line":21,"column":38},"end":{"line":37,"column":null}},"line":21}},"branchMap":{"0":{"loc":{"start":{"line":26,"column":2},"end":{"line":28,"column":null}},"type":"if","locations":[{"start":{"line":26,"column":2},"end":{"line":28,"column":null}},{"start":{},"end":{}}],"line":26}},"s":{"0":5,"1":5,"2":5,"3":2,"4":3,"5":3},"f":{"0":5},"b":{"0":[2,3]},"meta":{"lastBranch":1,"lastFunction":1,"lastStatement":6,"seen":{"f:21:22:21:27":0,"s:22:28:22:36":0,"s:25:15:25:69":1,"b:26:2:28:Infinity:undefined:undefined:undefined:undefined":0,"s:26:2:28:Infinity":2,"s:27:4:27:Infinity":3,"s:30:22:30:51":4,"s:33:2:36:Infinity":5}}}
,"C:\\CSE-186\\Assignment8\\backend\\src\\route\\posts.js": {"path":"C:\\CSE-186\\Assignment8\\backend\\src\\route\\posts.js","statementMap":{"0":{"start":{"line":11,"column":15},"end":{"line":11,"column":29}},"1":{"start":{"line":12,"column":16},"end":{"line":12,"column":55}},"2":{"start":{"line":13,"column":2},"end":{"line":13,"column":null}},"3":{"start":{"line":23,"column":15},"end":{"line":23,"column":29}},"4":{"start":{"line":24,"column":16},"end":{"line":24,"column":57}},"5":{"start":{"line":26,"column":2},"end":{"line":26,"column":null}},"6":{"start":{"line":36,"column":17},"end":{"line":36,"column":36}},"7":{"start":{"line":37,"column":17},"end":{"line":37,"column":56}},"8":{"start":{"line":39,"column":2},"end":{"line":39,"column":null}},"9":{"start":{"line":50,"column":20},"end":{"line":50,"column":30}},"10":{"start":{"line":51,"column":17},"end":{"line":51,"column":36}},"11":{"start":{"line":52,"column":16},"end":{"line":52,"column":68}},"12":{"start":{"line":56,"column":2},"end":{"line":59,"column":null}},"13":{"start":{"line":69,"column":17},"end":{"line":69,"column":36}},"14":{"start":{"line":70,"column":44},"end":{"line":70,"column":52}},"15":{"start":{"line":72,"column":15},"end":{"line":72,"column":78}},"16":{"start":{"line":76,"column":2},"end":{"line":76,"column":null}},"17":{"start":{"line":86,"column":17},"end":{"line":86,"column":34}},"18":{"start":{"line":87,"column":17},"end":{"line":87,"column":36}},"19":{"start":{"line":91,"column":15},"end":{"line":91,"column":60}},"20":{"start":{"line":93,"column":2},"end":{"line":93,"column":null}},"21":{"start":{"line":103,"column":17},"end":{"line":103,"column":34}},"22":{"start":{"line":104,"column":17},"end":{"line":104,"column":36}},"23":{"start":{"line":106,"column":17},"end":{"line":106,"column":64}},"24":{"start":{"line":108,"column":2},"end":{"line":108,"column":null}}},"fnMap":{"0":{"name":"getAll","decl":{"start":{"line":10,"column":22},"end":{"line":10,"column":28}},"loc":{"start":{"line":10,"column":39},"end":{"line":14,"column":null}},"line":10},"1":{"name":"getMyPosts","decl":{"start":{"line":22,"column":22},"end":{"line":22,"column":32}},"loc":{"start":{"line":22,"column":43},"end":{"line":27,"column":null}},"line":22},"2":{"name":"getGroups","decl":{"start":{"line":35,"column":22},"end":{"line":35,"column":31}},"loc":{"start":{"line":35,"column":42},"end":{"line":40,"column":null}},"line":35},"3":{"name":"getGroupPosts","decl":{"start":{"line":49,"column":22},"end":{"line":49,"column":35}},"loc":{"start":{"line":49,"column":46},"end":{"line":60,"column":null}},"line":49},"4":{"name":"createPost","decl":{"start":{"line":68,"column":22},"end":{"line":68,"column":32}},"loc":{"start":{"line":68,"column":43},"end":{"line":77,"column":null}},"line":68},"5":{"name":"likePost","decl":{"start":{"line":85,"column":22},"end":{"line":85,"column":30}},"loc":{"start":{"line":85,"column":41},"end":{"line":94,"column":null}},"line":85},"6":{"name":"unlikePost","decl":{"start":{"line":102,"column":22},"end":{"line":102,"column":32}},"loc":{"start":{"line":102,"column":43},"end":{"line":109,"column":null}},"line":102}},"branchMap":{"0":{"loc":{"start":{"line":70,"column":9},"end":{"line":70,"column":21}},"type":"default-arg","locations":[{"start":{"line":70,"column":17},"end":{"line":70,"column":21}}],"line":70}},"s":{"0":7,"1":7,"2":7,"3":2,"4":2,"5":2,"6":17,"7":17,"8":17,"9":11,"10":11,"11":11,"12":11,"13":5,"14":5,"15":5,"16":5,"17":1,"18":1,"19":1,"20":1,"21":1,"22":1,"23":1,"24":1},"f":{"0":7,"1":2,"2":17,"3":11,"4":5,"5":1,"6":1},"b":{"0":[5]},"meta":{"lastBranch":1,"lastFunction":7,"lastStatement":25,"seen":{"f:10:22:10:28":0,"s:11:15:11:29":0,"s:12:16:12:55":1,"s:13:2:13:Infinity":2,"f:22:22:22:32":1,"s:23:15:23:29":3,"s:24:16:24:57":4,"s:26:2:26:Infinity":5,"f:35:22:35:31":2,"s:36:17:36:36":6,"s:37:17:37:56":7,"s:39:2:39:Infinity":8,"f:49:22:49:35":3,"s:50:20:50:30":9,"s:51:17:51:36":10,"s:52:16:52:68":11,"s:56:2:59:Infinity":12,"f:68:22:68:32":4,"s:69:17:69:36":13,"s:70:44:70:52":14,"b:70:17:70:21":0,"s:72:15:72:78":15,"s:76:2:76:Infinity":16,"f:85:22:85:30":5,"s:86:17:86:34":17,"s:87:17:87:36":18,"s:91:15:91:60":19,"s:93:2:93:Infinity":20,"f:102:22:102:32":6,"s:103:17:103:34":21,"s:104:17:104:36":22,"s:106:17:106:64":23,"s:108:2:108:Infinity":24}}}
,"C:\\CSE-186\\Assignment8\\backend\\test\\db.js": {"path":"C:\\CSE-186\\Assignment8\\backend\\test\\db.js","statementMap":{"0":{"start":{"line":21,"column":0},"end":{"line":21,"column":null}},"1":{"start":{"line":22,"column":0},"end":{"line":22,"column":null}},"2":{"start":{"line":24,"column":13},"end":{"line":30,"column":2}},"3":{"start":{"line":32,"column":12},"end":{"line":46,"column":1}},"4":{"start":{"line":33,"column":18},"end":{"line":33,"column":47}},"5":{"start":{"line":34,"column":16},"end":{"line":34,"column":38}},"6":{"start":{"line":35,"column":18},"end":{"line":35,"column":20}},"7":{"start":{"line":36,"column":2},"end":{"line":45,"column":null}},"8":{"start":{"line":37,"column":4},"end":{"line":37,"column":null}},"9":{"start":{"line":38,"column":4},"end":{"line":44,"column":null}},"10":{"start":{"line":39,"column":6},"end":{"line":39,"column":null}},"11":{"start":{"line":40,"column":6},"end":{"line":43,"column":null}},"12":{"start":{"line":41,"column":8},"end":{"line":41,"column":null}},"13":{"start":{"line":42,"column":8},"end":{"line":42,"column":null}},"14":{"start":{"line":51,"column":2},"end":{"line":51,"column":null}},"15":{"start":{"line":52,"column":2},"end":{"line":52,"column":null}},"16":{"start":{"line":58,"column":2},"end":{"line":58,"column":null}}},"fnMap":{"0":{"name":"(anonymous_0)","decl":{"start":{"line":32,"column":12},"end":{"line":32,"column":17}},"loc":{"start":{"line":32,"column":28},"end":{"line":46,"column":1}},"line":32},"1":{"name":"reset","decl":{"start":{"line":50,"column":22},"end":{"line":50,"column":27}},"loc":{"start":{"line":50,"column":30},"end":{"line":53,"column":1}},"line":50},"2":{"name":"close","decl":{"start":{"line":57,"column":16},"end":{"line":57,"column":21}},"loc":{"start":{"line":57,"column":24},"end":{"line":59,"column":1}},"line":57}},"branchMap":{"0":{"loc":{"start":{"line":38,"column":4},"end":{"line":44,"column":null}},"type":"if","locations":[{"start":{"line":38,"column":4},"end":{"line":44,"column":null}},{"start":{},"end":{}}],"line":38},"1":{"loc":{"start":{"line":40,"column":6},"end":{"line":43,"column":null}},"type":"if","locations":[{"start":{"line":40,"column":6},"end":{"line":43,"column":null}},{"start":{},"end":{}}],"line":40}},"s":{"0":3,"1":3,"2":3,"3":3,"4":6,"5":6,"6":6,"7":6,"8":351,"9":351,"10":297,"11":297,"12":48,"13":48,"14":3,"15":3,"16":3},"f":{"0":6,"1":3,"2":3},"b":{"0":[297,54],"1":[48,249]},"meta":{"lastBranch":2,"lastFunction":3,"lastStatement":17,"seen":{"s:21:0:21:Infinity":0,"s:22:0:22:Infinity":1,"s:24:13:30:2":2,"s:32:12:46:1":3,"f:32:12:32:17":0,"s:33:18:33:47":4,"s:34:16:34:38":5,"s:35:18:35:20":6,"s:36:2:45:Infinity":7,"s:37:4:37:Infinity":8,"b:38:4:44:Infinity:undefined:undefined:undefined:undefined":0,"s:38:4:44:Infinity":9,"s:39:6:39:Infinity":10,"b:40:6:43:Infinity:undefined:undefined:undefined:undefined":1,"s:40:6:43:Infinity":11,"s:41:8:41:Infinity":12,"s:42:8:42:Infinity":13,"f:50:22:50:27":1,"s:51:2:51:Infinity":14,"s:52:2:52:Infinity":15,"f:57:16:57:21":2,"s:58:2:58:Infinity":16}}}
,"C:\\CSE-186\\Assignment8\\backend\\test\\setup.js": {"path":"C:\\CSE-186\\Assignment8\\backend\\test\\setup.js","statementMap":{"0":{"start":{"line":5,"column":19},"end":{"line":5,"column":47}},"1":{"start":{"line":11,"column":2},"end":{"line":11,"column":null}},"2":{"start":{"line":12,"column":2},"end":{"line":12,"column":null}},"3":{"start":{"line":13,"column":2},"end":{"line":13,"column":null}},"4":{"start":{"line":20,"column":2},"end":{"line":20,"column":null}},"5":{"start":{"line":21,"column":2},"end":{"line":21,"column":null}},"6":{"start":{"line":31,"column":14},"end":{"line":33,"column":30}},"7":{"start":{"line":34,"column":2},"end":{"line":34,"column":null}},"8":{"start":{"line":35,"column":2},"end":{"line":35,"column":null}}},"fnMap":{"0":{"name":"setup","decl":{"start":{"line":10,"column":22},"end":{"line":10,"column":27}},"loc":{"start":{"line":10,"column":30},"end":{"line":14,"column":null}},"line":10},"1":{"name":"teardown","decl":{"start":{"line":19,"column":22},"end":{"line":19,"column":30}},"loc":{"start":{"line":19,"column":33},"end":{"line":22,"column":null}},"line":19},"2":{"name":"login","decl":{"start":{"line":30,"column":22},"end":{"line":30,"column":27}},"loc":{"start":{"line":30,"column":45},"end":{"line":36,"column":null}},"line":30}},"branchMap":{},"s":{"0":3,"1":3,"2":3,"3":3,"4":3,"5":3,"6":1,"7":1,"8":1},"f":{"0":3,"1":3,"2":1},"b":{},"meta":{"lastBranch":0,"lastFunction":3,"lastStatement":9,"seen":{"s:5:19:5:47":0,"f:10:22:10:27":0,"s:11:2:11:Infinity":1,"s:12:2:12:Infinity":2,"s:13:2:13:Infinity":3,"f:19:22:19:30":1,"s:20:2:20:Infinity":4,"s:21:2:21:Infinity":5,"f:30:22:30:27":2,"s:31:14:33:30":6,"s:34:2:34:Infinity":7,"s:35:2:35:Infinity":8}}}
}
